0 info it worked if it ends with ok
1 verbose cli [ 'node',
1 verbose cli   '/Users/Bender/.nvm/v0.10.41/bin/npm',
1 verbose cli   'run',
1 verbose cli   'build-js-single' ]
2 info using npm@3.5.2
3 info using node@v0.10.41
4 verbose run-script [ 'prebuild-js-single',
4 verbose run-script   'build-js-single',
4 verbose run-script   'postbuild-js-single' ]
5 info lifecycle Future.Speckle@~prebuild-js-single: Future.Speckle@
6 silly lifecycle Future.Speckle@~prebuild-js-single: no script for prebuild-js-single, continuing
7 info lifecycle Future.Speckle@~build-js-single: Future.Speckle@
8 verbose lifecycle Future.Speckle@~build-js-single: unsafe-perm in lifecycle true
9 verbose lifecycle Future.Speckle@~build-js-single: PATH: /Users/Bender/.nvm/v0.10.41/lib/node_modules/npm/bin/node-gyp-bin:/Users/Bender/Dropbox (Dimitrie)/02 Development/future.speckle/node_modules/.bin:/Users/Bender/.nvm/v0.10.41/lib/node_modules/npm/bin/node-gyp-bin:/Users/Bender/Dropbox (Dimitrie)/02 Development/future.speckle/node_modules/.bin:/Users/Bender/.nvm/v0.10.41/lib/node_modules/npm/bin/node-gyp-bin:/Users/Bender/Dropbox (Dimitrie)/02 Development/future.speckle/node_modules/.bin:/Users/Bender/.nvm/v0.10.41/lib/node_modules/npm/bin/node-gyp-bin:/Users/Bender/Dropbox (Dimitrie)/02 Development/future.speckle/node_modules/.bin:/Library/Frameworks/Python.framework/Versions/3.5/bin:/Users/Bender/.nvm/v0.10.41/bin:/Users/Bender/mongodb/bin:/usr/local/bin:/usr/bin:/bin:/usr/sbin:/sbin:/opt/X11/bin:/usr/local/deployd/bin
10 verbose lifecycle Future.Speckle@~build-js-single: CWD: /Users/Bender/Dropbox (Dimitrie)/02 Development/future.speckle
11 silly lifecycle Future.Speckle@~build-js-single: Args: [ '-c',
11 silly lifecycle   'browserify spkw/src/js/SPKSingle.js -o spkw/dist/js/SPKSingle.js' ]
12 silly lifecycle Future.Speckle@~build-js-single: Returned: code: 1  signal: null
13 info lifecycle Future.Speckle@~build-js-single: Failed to exec build-js-single script
14 verbose stack Error: Future.Speckle@ build-js-single: `browserify spkw/src/js/SPKSingle.js -o spkw/dist/js/SPKSingle.js`
14 verbose stack Exit status 1
14 verbose stack     at EventEmitter.<anonymous> (/Users/Bender/.nvm/v0.10.41/lib/node_modules/npm/lib/utils/lifecycle.js:232:16)
14 verbose stack     at EventEmitter.emit (events.js:98:17)
14 verbose stack     at ChildProcess.<anonymous> (/Users/Bender/.nvm/v0.10.41/lib/node_modules/npm/lib/utils/spawn.js:24:14)
14 verbose stack     at ChildProcess.emit (events.js:98:17)
14 verbose stack     at maybeClose (child_process.js:766:16)
14 verbose stack     at Process.ChildProcess._handle.onexit (child_process.js:833:5)
15 verbose pkgid Future.Speckle@
16 verbose cwd /Users/Bender/Dropbox (Dimitrie)/02 Development/future.speckle
17 error Darwin 14.5.0
18 error argv "node" "/Users/Bender/.nvm/v0.10.41/bin/npm" "run" "build-js-single"
19 error node v0.10.41
20 error npm  v3.5.2
21 error code ELIFECYCLE
22 error Future.Speckle@ build-js-single: `browserify spkw/src/js/SPKSingle.js -o spkw/dist/js/SPKSingle.js`
22 error Exit status 1
23 error Failed at the Future.Speckle@ build-js-single script 'browserify spkw/src/js/SPKSingle.js -o spkw/dist/js/SPKSingle.js'.
23 error Make sure you have the latest version of node.js and npm installed.
23 error If you do, this is most likely a problem with the Future.Speckle package,
23 error not with npm itself.
23 error Tell the author that this fails on your system:
23 error     browserify spkw/src/js/SPKSingle.js -o spkw/dist/js/SPKSingle.js
23 error You can get information on how to open an issue for this project with:
23 error     npm bugs Future.Speckle
23 error Or if that isn't available, you can get their info via:
23 error     npm owner ls Future.Speckle
23 error There is likely additional logging output above.
24 verbose exit [ 1, true ]
